{"D:\\Coding\\Front End Journey\\todo-list\\src\\App.tsx": {"path":"D:\\Coding\\Front End Journey\\todo-list\\src\\App.tsx","statementMap":{"0":{"start":{"line":6,"column":15},"end":{"line":6,"column":55}},"1":{"start":{"line":6,"column":39},"end":{"line":6,"column":54}},"2":{"start":{"line":7,"column":2},"end":{"line":8,"column":29}}},"fnMap":{"0":{"name":"App","decl":{"start":{"line":5,"column":9},"end":{"line":5,"column":12}},"loc":{"start":{"line":5,"column":15},"end":{"line":9,"column":1}},"line":5},"1":{"name":"(anonymous_1)","decl":{"start":{"line":6,"column":30},"end":{"line":6,"column":31}},"loc":{"start":{"line":6,"column":39},"end":{"line":6,"column":54}},"line":6}},"branchMap":{"0":{"loc":{"start":{"line":7,"column":9},"end":{"line":8,"column":29}},"type":"cond-expr","locations":[{"start":{"line":8,"column":4},"end":{"line":8,"column":15}},{"start":{"line":8,"column":18},"end":{"line":8,"column":29}}],"line":7}},"s":{"0":0,"1":0,"2":0},"f":{"0":0,"1":0},"b":{"0":[0,0]},"_coverageSchema":"1a1c01bbd47fc00a2c39e90264f33305004495a9","hash":"d072a8d0b035069d1a6a8391bcb3403c83ad3318"}
,"D:\\Coding\\Front End Journey\\todo-list\\src\\main.tsx": {"path":"D:\\Coding\\Front End Journey\\todo-list\\src\\main.tsx","statementMap":{"0":{"start":{"line":11,"column":23},"end":{"line":18,"column":1}},"1":{"start":{"line":20,"column":12},"end":{"line":20,"column":41}},"2":{"start":{"line":21,"column":18},"end":{"line":21,"column":35}},"3":{"start":{"line":22,"column":20},"end":{"line":22,"column":32}},"4":{"start":{"line":24,"column":0},"end":{"line":31,"column":1}}},"fnMap":{},"branchMap":{},"s":{"0":1,"1":1,"2":1,"3":1,"4":1},"f":{},"b":{},"_coverageSchema":"1a1c01bbd47fc00a2c39e90264f33305004495a9","hash":"62a60fe7de209e854cc9ee6a1771cc6e6f798a12"}
,"D:\\Coding\\Front End Journey\\todo-list\\src\\Components\\AddNewItem\\index.tsx": {"path":"D:\\Coding\\Front End Journey\\todo-list\\src\\Components\\AddNewItem\\index.tsx","statementMap":{"0":{"start":{"line":9,"column":19},"end":{"line":31,"column":1}},"1":{"start":{"line":10,"column":14},"end":{"line":10,"column":30}},"2":{"start":{"line":11,"column":19},"end":{"line":11,"column":35}},"3":{"start":{"line":12,"column":17},"end":{"line":12,"column":52}},"4":{"start":{"line":12,"column":41},"end":{"line":12,"column":51}},"5":{"start":{"line":13,"column":26},"end":{"line":13,"column":38}},"6":{"start":{"line":16,"column":4},"end":{"line":16,"column":56}},"7":{"start":{"line":20,"column":4},"end":{"line":20,"column":27}},"8":{"start":{"line":23,"column":2},"end":{"line":30,"column":4}}},"fnMap":{"0":{"name":"(anonymous_0)","decl":{"start":{"line":9,"column":19},"end":{"line":9,"column":20}},"loc":{"start":{"line":9,"column":25},"end":{"line":31,"column":1}},"line":9},"1":{"name":"(anonymous_1)","decl":{"start":{"line":12,"column":32},"end":{"line":12,"column":33}},"loc":{"start":{"line":12,"column":41},"end":{"line":12,"column":51}},"line":12},"2":{"name":"handleAddTodo","decl":{"start":{"line":15,"column":17},"end":{"line":15,"column":30}},"loc":{"start":{"line":15,"column":33},"end":{"line":17,"column":3}},"line":15},"3":{"name":"handleTextChange","decl":{"start":{"line":19,"column":11},"end":{"line":19,"column":27}},"loc":{"start":{"line":19,"column":62},"end":{"line":21,"column":3}},"line":19}},"branchMap":{"0":{"loc":{"start":{"line":16,"column":39},"end":{"line":16,"column":53}},"type":"binary-expr","locations":[{"start":{"line":16,"column":39},"end":{"line":16,"column":47}},{"start":{"line":16,"column":51},"end":{"line":16,"column":53}}],"line":16}},"s":{"0":1,"1":0,"2":0,"3":0,"4":0,"5":0,"6":0,"7":0,"8":0},"f":{"0":0,"1":0,"2":0,"3":0},"b":{"0":[0,0]},"_coverageSchema":"1a1c01bbd47fc00a2c39e90264f33305004495a9","hash":"3993d2bc7f6a8d4133c288f5ec0557df4a169b04"}
,"D:\\Coding\\Front End Journey\\todo-list\\src\\Components\\AddNewItem\\styles\\Container.ts": {"path":"D:\\Coding\\Front End Journey\\todo-list\\src\\Components\\AddNewItem\\styles\\Container.ts","statementMap":{"0":{"start":{"line":3,"column":18},"end":{"line":7,"column":1}}},"fnMap":{},"branchMap":{},"s":{"0":1},"f":{},"b":{},"_coverageSchema":"1a1c01bbd47fc00a2c39e90264f33305004495a9","hash":"d6948c0904a9ce43e74aca2d20de735e79f4e4d1"}
,"D:\\Coding\\Front End Journey\\todo-list\\src\\Components\\Header\\index.tsx": {"path":"D:\\Coding\\Front End Journey\\todo-list\\src\\Components\\Header\\index.tsx","statementMap":{"0":{"start":{"line":4,"column":15},"end":{"line":12,"column":1}},"1":{"start":{"line":5,"column":15},"end":{"line":5,"column":55}},"2":{"start":{"line":5,"column":39},"end":{"line":5,"column":54}},"3":{"start":{"line":7,"column":2},"end":{"line":11,"column":4}}},"fnMap":{"0":{"name":"(anonymous_0)","decl":{"start":{"line":4,"column":15},"end":{"line":4,"column":16}},"loc":{"start":{"line":4,"column":21},"end":{"line":12,"column":1}},"line":4},"1":{"name":"(anonymous_1)","decl":{"start":{"line":5,"column":30},"end":{"line":5,"column":31}},"loc":{"start":{"line":5,"column":39},"end":{"line":5,"column":54}},"line":5}},"branchMap":{},"s":{"0":1,"1":0,"2":0,"3":0},"f":{"0":0,"1":0},"b":{},"_coverageSchema":"1a1c01bbd47fc00a2c39e90264f33305004495a9","hash":"3076925f013f47eb8ce7a666d1442a17e3a8b8e4"}
,"D:\\Coding\\Front End Journey\\todo-list\\src\\Components\\Header\\styles\\Container.ts": {"path":"D:\\Coding\\Front End Journey\\todo-list\\src\\Components\\Header\\styles\\Container.ts","statementMap":{"0":{"start":{"line":3,"column":18},"end":{"line":11,"column":1}}},"fnMap":{},"branchMap":{},"s":{"0":1},"f":{},"b":{},"_coverageSchema":"1a1c01bbd47fc00a2c39e90264f33305004495a9","hash":"f2fba7d67b3ba6ee7995576c165a77ffce19e812"}
,"D:\\Coding\\Front End Journey\\todo-list\\src\\Components\\TodoItem\\index.tsx": {"path":"D:\\Coding\\Front End Journey\\todo-list\\src\\Components\\TodoItem\\index.tsx","statementMap":{"0":{"start":{"line":11,"column":17},"end":{"line":28,"column":1}},"1":{"start":{"line":12,"column":28},"end":{"line":12,"column":32}},"2":{"start":{"line":13,"column":40},"end":{"line":13,"column":59}},"3":{"start":{"line":16,"column":22},"end":{"line":16,"column":30}},"4":{"start":{"line":17,"column":4},"end":{"line":17,"column":28}},"5":{"start":{"line":19,"column":4},"end":{"line":19,"column":52}},"6":{"start":{"line":22,"column":2},"end":{"line":27,"column":4}}},"fnMap":{"0":{"name":"(anonymous_0)","decl":{"start":{"line":11,"column":17},"end":{"line":11,"column":18}},"loc":{"start":{"line":11,"column":36},"end":{"line":28,"column":1}},"line":11},"1":{"name":"handleCheck","decl":{"start":{"line":15,"column":17},"end":{"line":15,"column":28}},"loc":{"start":{"line":15,"column":63},"end":{"line":20,"column":3}},"line":15}},"branchMap":{"0":{"loc":{"start":{"line":25,"column":39},"end":{"line":25,"column":76}},"type":"cond-expr","locations":[{"start":{"line":25,"column":53},"end":{"line":25,"column":67}},{"start":{"line":25,"column":70},"end":{"line":25,"column":76}}],"line":25}},"s":{"0":1,"1":0,"2":0,"3":0,"4":0,"5":0,"6":0},"f":{"0":0,"1":0},"b":{"0":[0,0]},"_coverageSchema":"1a1c01bbd47fc00a2c39e90264f33305004495a9","hash":"dd672067c01e03256337a35da33f6a150fc8f5ff"}
,"D:\\Coding\\Front End Journey\\todo-list\\src\\Components\\TodoItem\\styles\\Container.ts": {"path":"D:\\Coding\\Front End Journey\\todo-list\\src\\Components\\TodoItem\\styles\\Container.ts","statementMap":{"0":{"start":{"line":3,"column":18},"end":{"line":7,"column":1}}},"fnMap":{},"branchMap":{},"s":{"0":1},"f":{},"b":{},"_coverageSchema":"1a1c01bbd47fc00a2c39e90264f33305004495a9","hash":"bcc51068ed567e6c80bc104c75038d4f7f27d402"}
,"D:\\Coding\\Front End Journey\\todo-list\\src\\Components\\TodoList\\index.tsx": {"path":"D:\\Coding\\Front End Journey\\todo-list\\src\\Components\\TodoList\\index.tsx","statementMap":{"0":{"start":{"line":7,"column":17},"end":{"line":16,"column":1}},"1":{"start":{"line":8,"column":16},"end":{"line":8,"column":58}},"2":{"start":{"line":8,"column":40},"end":{"line":8,"column":57}},"3":{"start":{"line":10,"column":2},"end":{"line":15,"column":4}},"4":{"start":{"line":12,"column":27},"end":{"line":12,"column":64}}},"fnMap":{"0":{"name":"(anonymous_0)","decl":{"start":{"line":7,"column":17},"end":{"line":7,"column":18}},"loc":{"start":{"line":7,"column":23},"end":{"line":16,"column":1}},"line":7},"1":{"name":"(anonymous_1)","decl":{"start":{"line":8,"column":31},"end":{"line":8,"column":32}},"loc":{"start":{"line":8,"column":40},"end":{"line":8,"column":57}},"line":8},"2":{"name":"(anonymous_2)","decl":{"start":{"line":12,"column":17},"end":{"line":12,"column":18}},"loc":{"start":{"line":12,"column":27},"end":{"line":12,"column":64}},"line":12}},"branchMap":{},"s":{"0":1,"1":0,"2":0,"3":0,"4":0},"f":{"0":0,"1":0,"2":0},"b":{},"_coverageSchema":"1a1c01bbd47fc00a2c39e90264f33305004495a9","hash":"5c87807e820f8cd37f34b5544fe1d2e0da12e104"}
,"D:\\Coding\\Front End Journey\\todo-list\\src\\Components\\TodoList\\styles\\Container.ts": {"path":"D:\\Coding\\Front End Journey\\todo-list\\src\\Components\\TodoList\\styles\\Container.ts","statementMap":{"0":{"start":{"line":3,"column":18},"end":{"line":10,"column":1}}},"fnMap":{},"branchMap":{},"s":{"0":1},"f":{},"b":{},"_coverageSchema":"1a1c01bbd47fc00a2c39e90264f33305004495a9","hash":"32d5909316ca1110fb25887fe55b261afe18c8b3"}
,"D:\\Coding\\Front End Journey\\todo-list\\src\\common\\styles\\Page.ts": {"path":"D:\\Coding\\Front End Journey\\todo-list\\src\\common\\styles\\Page.ts","statementMap":{"0":{"start":{"line":3,"column":12},"end":{"line":12,"column":1}}},"fnMap":{},"branchMap":{},"s":{"0":1},"f":{},"b":{},"_coverageSchema":"1a1c01bbd47fc00a2c39e90264f33305004495a9","hash":"b1064abd6216982d28a38ac7501117ce6b46721b"}
,"D:\\Coding\\Front End Journey\\todo-list\\src\\common\\styles\\RoundedButton.ts": {"path":"D:\\Coding\\Front End Journey\\todo-list\\src\\common\\styles\\RoundedButton.ts","statementMap":{"0":{"start":{"line":3,"column":22},"end":{"line":5,"column":1}}},"fnMap":{},"branchMap":{},"s":{"0":1},"f":{},"b":{},"_coverageSchema":"1a1c01bbd47fc00a2c39e90264f33305004495a9","hash":"42735679f16a509b423955cef2819492e4658290"}
,"D:\\Coding\\Front End Journey\\todo-list\\src\\pages\\AuthPage\\index.tsx": {"path":"D:\\Coding\\Front End Journey\\todo-list\\src\\pages\\AuthPage\\index.tsx","statementMap":{"0":{"start":{"line":4,"column":17},"end":{"line":11,"column":1}},"1":{"start":{"line":6,"column":2},"end":{"line":10,"column":4}}},"fnMap":{"0":{"name":"(anonymous_0)","decl":{"start":{"line":4,"column":17},"end":{"line":4,"column":18}},"loc":{"start":{"line":4,"column":23},"end":{"line":11,"column":1}},"line":4}},"branchMap":{},"s":{"0":1,"1":0},"f":{"0":0},"b":{},"_coverageSchema":"1a1c01bbd47fc00a2c39e90264f33305004495a9","hash":"6e4cb649d09812f152726a02b6b13e06a6a81b80"}
,"D:\\Coding\\Front End Journey\\todo-list\\src\\pages\\AuthPage\\Form\\index.tsx": {"path":"D:\\Coding\\Front End Journey\\todo-list\\src\\pages\\AuthPage\\Form\\index.tsx","statementMap":{"0":{"start":{"line":9,"column":13},"end":{"line":83,"column":1}},"1":{"start":{"line":10,"column":26},"end":{"line":10,"column":38}},"2":{"start":{"line":11,"column":34},"end":{"line":11,"column":46}},"3":{"start":{"line":12,"column":14},"end":{"line":12,"column":30}},"4":{"start":{"line":13,"column":42},"end":{"line":13,"column":54}},"5":{"start":{"line":16,"column":4},"end":{"line":18,"column":5}},"6":{"start":{"line":17,"column":6},"end":{"line":17,"column":12}},"7":{"start":{"line":20,"column":27},"end":{"line":20,"column":67}},"8":{"start":{"line":22,"column":4},"end":{"line":27,"column":5}},"9":{"start":{"line":23,"column":6},"end":{"line":23,"column":18}},"10":{"start":{"line":24,"column":6},"end":{"line":24,"column":22}},"11":{"start":{"line":25,"column":6},"end":{"line":25,"column":62}},"12":{"start":{"line":26,"column":6},"end":{"line":26,"column":12}},"13":{"start":{"line":29,"column":4},"end":{"line":29,"column":35}},"14":{"start":{"line":33,"column":19},"end":{"line":33,"column":52}},"15":{"start":{"line":34,"column":4},"end":{"line":34,"column":16}},"16":{"start":{"line":35,"column":4},"end":{"line":35,"column":20}},"17":{"start":{"line":37,"column":4},"end":{"line":40,"column":5}},"18":{"start":{"line":38,"column":6},"end":{"line":38,"column":52}},"19":{"start":{"line":39,"column":6},"end":{"line":39,"column":12}},"20":{"start":{"line":41,"column":4},"end":{"line":41,"column":35}},"21":{"start":{"line":46,"column":4},"end":{"line":46,"column":28}},"22":{"start":{"line":50,"column":4},"end":{"line":50,"column":32}},"23":{"start":{"line":53,"column":2},"end":{"line":82,"column":4}},"24":{"start":{"line":74,"column":23},"end":{"line":74,"column":42}}},"fnMap":{"0":{"name":"(anonymous_0)","decl":{"start":{"line":9,"column":13},"end":{"line":9,"column":14}},"loc":{"start":{"line":9,"column":19},"end":{"line":83,"column":1}},"line":9},"1":{"name":"handleSignIn","decl":{"start":{"line":15,"column":17},"end":{"line":15,"column":29}},"loc":{"start":{"line":15,"column":32},"end":{"line":30,"column":3}},"line":15},"2":{"name":"HandleLogin","decl":{"start":{"line":32,"column":17},"end":{"line":32,"column":28}},"loc":{"start":{"line":32,"column":31},"end":{"line":43,"column":3}},"line":32},"3":{"name":"handleNameChange","decl":{"start":{"line":45,"column":11},"end":{"line":45,"column":27}},"loc":{"start":{"line":45,"column":62},"end":{"line":47,"column":3}},"line":45},"4":{"name":"handlePasswordChange","decl":{"start":{"line":49,"column":11},"end":{"line":49,"column":31}},"loc":{"start":{"line":49,"column":66},"end":{"line":51,"column":3}},"line":49},"5":{"name":"(anonymous_5)","decl":{"start":{"line":74,"column":17},"end":{"line":74,"column":18}},"loc":{"start":{"line":74,"column":23},"end":{"line":74,"column":42}},"line":74}},"branchMap":{"0":{"loc":{"start":{"line":16,"column":4},"end":{"line":18,"column":5}},"type":"if","locations":[{"start":{"line":16,"column":4},"end":{"line":18,"column":5}},{"start":{},"end":{}}],"line":16},"1":{"loc":{"start":{"line":16,"column":8},"end":{"line":16,"column":26}},"type":"binary-expr","locations":[{"start":{"line":16,"column":8},"end":{"line":16,"column":13}},{"start":{"line":16,"column":17},"end":{"line":16,"column":26}}],"line":16},"2":{"loc":{"start":{"line":22,"column":4},"end":{"line":27,"column":5}},"type":"if","locations":[{"start":{"line":22,"column":4},"end":{"line":27,"column":5}},{"start":{},"end":{}}],"line":22},"3":{"loc":{"start":{"line":37,"column":4},"end":{"line":40,"column":5}},"type":"if","locations":[{"start":{"line":37,"column":4},"end":{"line":40,"column":5}},{"start":{},"end":{}}],"line":37}},"s":{"0":1,"1":0,"2":0,"3":0,"4":0,"5":0,"6":0,"7":0,"8":0,"9":0,"10":0,"11":0,"12":0,"13":0,"14":0,"15":0,"16":0,"17":0,"18":0,"19":0,"20":0,"21":0,"22":0,"23":0,"24":0},"f":{"0":0,"1":0,"2":0,"3":0,"4":0,"5":0},"b":{"0":[0,0],"1":[0,0],"2":[0,0],"3":[0,0]},"_coverageSchema":"1a1c01bbd47fc00a2c39e90264f33305004495a9","hash":"ba32a225648e7bd76da1a29a965f4c49bc5514be"}
,"D:\\Coding\\Front End Journey\\todo-list\\src\\pages\\AuthPage\\Form\\styles\\Container.ts": {"path":"D:\\Coding\\Front End Journey\\todo-list\\src\\pages\\AuthPage\\Form\\styles\\Container.ts","statementMap":{"0":{"start":{"line":3,"column":18},"end":{"line":11,"column":1}}},"fnMap":{},"branchMap":{},"s":{"0":1},"f":{},"b":{},"_coverageSchema":"1a1c01bbd47fc00a2c39e90264f33305004495a9","hash":"4aaa466a6f60c13b45b914480b63a4c889265bcd"}
,"D:\\Coding\\Front End Journey\\todo-list\\src\\pages\\MainPage\\index.tsx": {"path":"D:\\Coding\\Front End Journey\\todo-list\\src\\pages\\MainPage\\index.tsx","statementMap":{"0":{"start":{"line":8,"column":17},"end":{"line":21,"column":1}},"1":{"start":{"line":9,"column":14},"end":{"line":9,"column":30}},"2":{"start":{"line":10,"column":2},"end":{"line":10,"column":17}},"3":{"start":{"line":12,"column":2},"end":{"line":20,"column":4}}},"fnMap":{"0":{"name":"(anonymous_0)","decl":{"start":{"line":8,"column":17},"end":{"line":8,"column":18}},"loc":{"start":{"line":8,"column":23},"end":{"line":21,"column":1}},"line":8}},"branchMap":{},"s":{"0":1,"1":0,"2":0,"3":0},"f":{"0":0},"b":{},"_coverageSchema":"1a1c01bbd47fc00a2c39e90264f33305004495a9","hash":"e7c8f3e46e10ac99f32dd6b989c342df6ae807ec"}
,"D:\\Coding\\Front End Journey\\todo-list\\src\\utils\\firebase\\todoStorage.ts": {"path":"D:\\Coding\\Front End Journey\\todo-list\\src\\utils\\firebase\\todoStorage.ts","statementMap":{"0":{"start":{"line":6,"column":26},"end":{"line":20,"column":1}},"1":{"start":{"line":7,"column":23},"end":{"line":7,"column":25}},"2":{"start":{"line":9,"column":19},"end":{"line":9,"column":42}},"3":{"start":{"line":10,"column":24},"end":{"line":10,"column":70}},"4":{"start":{"line":12,"column":2},"end":{"line":18,"column":5}},"5":{"start":{"line":13,"column":20},"end":{"line":16,"column":15}},"6":{"start":{"line":13,"column":52},"end":{"line":16,"column":14}},"7":{"start":{"line":17,"column":4},"end":{"line":17,"column":21}},"8":{"start":{"line":19,"column":2},"end":{"line":19,"column":16}},"9":{"start":{"line":22,"column":23},"end":{"line":27,"column":1}},"10":{"start":{"line":23,"column":25},"end":{"line":23,"column":67}},"11":{"start":{"line":24,"column":2},"end":{"line":24,"column":50}},"12":{"start":{"line":26,"column":2},"end":{"line":26,"column":18}},"13":{"start":{"line":29,"column":26},"end":{"line":36,"column":1}},"14":{"start":{"line":30,"column":2},"end":{"line":32,"column":3}},"15":{"start":{"line":31,"column":4},"end":{"line":31,"column":10}},"16":{"start":{"line":34,"column":17},"end":{"line":34,"column":43}},"17":{"start":{"line":35,"column":2},"end":{"line":35,"column":35}}},"fnMap":{"0":{"name":"(anonymous_0)","decl":{"start":{"line":6,"column":26},"end":{"line":6,"column":27}},"loc":{"start":{"line":6,"column":69},"end":{"line":20,"column":1}},"line":6},"1":{"name":"(anonymous_1)","decl":{"start":{"line":12,"column":36},"end":{"line":12,"column":37}},"loc":{"start":{"line":12,"column":55},"end":{"line":18,"column":3}},"line":12},"2":{"name":"(anonymous_2)","decl":{"start":{"line":13,"column":43},"end":{"line":13,"column":44}},"loc":{"start":{"line":13,"column":52},"end":{"line":16,"column":14}},"line":13},"3":{"name":"(anonymous_3)","decl":{"start":{"line":22,"column":23},"end":{"line":22,"column":24}},"loc":{"start":{"line":22,"column":67},"end":{"line":27,"column":1}},"line":22},"4":{"name":"(anonymous_4)","decl":{"start":{"line":29,"column":26},"end":{"line":29,"column":27}},"loc":{"start":{"line":29,"column":64},"end":{"line":36,"column":1}},"line":29}},"branchMap":{"0":{"loc":{"start":{"line":30,"column":2},"end":{"line":32,"column":3}},"type":"if","locations":[{"start":{"line":30,"column":2},"end":{"line":32,"column":3}},{"start":{},"end":{}}],"line":30}},"s":{"0":2,"1":0,"2":0,"3":0,"4":0,"5":0,"6":0,"7":0,"8":0,"9":2,"10":1,"11":1,"12":1,"13":2,"14":1,"15":0,"16":1,"17":1},"f":{"0":0,"1":0,"2":0,"3":1,"4":1},"b":{"0":[0,1]},"_coverageSchema":"1a1c01bbd47fc00a2c39e90264f33305004495a9","hash":"2d393390823331f038b91b6afa5616082894bbcc"}
,"D:\\Coding\\Front End Journey\\todo-list\\src\\utils\\firebase\\userStorage.ts": {"path":"D:\\Coding\\Front End Journey\\todo-list\\src\\utils\\firebase\\userStorage.ts","statementMap":{"0":{"start":{"line":6,"column":25},"end":{"line":22,"column":1}},"1":{"start":{"line":7,"column":19},"end":{"line":7,"column":42}},"2":{"start":{"line":8,"column":18},"end":{"line":8,"column":33}},"3":{"start":{"line":10,"column":2},"end":{"line":12,"column":3}},"4":{"start":{"line":11,"column":4},"end":{"line":11,"column":89}},"5":{"start":{"line":13,"column":24},"end":{"line":13,"column":48}},"6":{"start":{"line":15,"column":2},"end":{"line":17,"column":3}},"7":{"start":{"line":16,"column":4},"end":{"line":16,"column":15}},"8":{"start":{"line":19,"column":25},"end":{"line":19,"column":46}},"9":{"start":{"line":20,"column":19},"end":{"line":20,"column":40}},"10":{"start":{"line":21,"column":2},"end":{"line":21,"column":54}},"11":{"start":{"line":23,"column":23},"end":{"line":28,"column":1}},"12":{"start":{"line":24,"column":19},"end":{"line":24,"column":43}},"13":{"start":{"line":26,"column":2},"end":{"line":26,"column":50}},"14":{"start":{"line":27,"column":2},"end":{"line":27,"column":18}},"15":{"start":{"line":31,"column":19},"end":{"line":31,"column":42}},"16":{"start":{"line":32,"column":20},"end":{"line":32,"column":68}},"17":{"start":{"line":34,"column":24},"end":{"line":34,"column":48}},"18":{"start":{"line":36,"column":2},"end":{"line":36,"column":29}}},"fnMap":{"0":{"name":"(anonymous_0)","decl":{"start":{"line":6,"column":25},"end":{"line":6,"column":26}},"loc":{"start":{"line":6,"column":82},"end":{"line":22,"column":1}},"line":6},"1":{"name":"(anonymous_1)","decl":{"start":{"line":23,"column":23},"end":{"line":23,"column":24}},"loc":{"start":{"line":23,"column":73},"end":{"line":28,"column":1}},"line":23},"2":{"name":"checkIsUserExist","decl":{"start":{"line":30,"column":22},"end":{"line":30,"column":38}},"loc":{"start":{"line":30,"column":64},"end":{"line":37,"column":1}},"line":30}},"branchMap":{"0":{"loc":{"start":{"line":15,"column":2},"end":{"line":17,"column":3}},"type":"if","locations":[{"start":{"line":15,"column":2},"end":{"line":17,"column":3}},{"start":{},"end":{}}],"line":15}},"s":{"0":1,"1":0,"2":0,"3":0,"4":0,"5":0,"6":0,"7":0,"8":0,"9":0,"10":0,"11":1,"12":0,"13":0,"14":0,"15":0,"16":0,"17":0,"18":0},"f":{"0":0,"1":0,"2":0},"b":{"0":[0,0]},"_coverageSchema":"1a1c01bbd47fc00a2c39e90264f33305004495a9","hash":"41ccbd3174f2d4549815066df8cf8d3651a3ea26"}
,"D:\\Coding\\Front End Journey\\todo-list\\src\\utils\\hooks\\initTodos.ts": {"path":"D:\\Coding\\Front End Journey\\todo-list\\src\\utils\\hooks\\initTodos.ts","statementMap":{"0":{"start":{"line":5,"column":28},"end":{"line":11,"column":1}},"1":{"start":{"line":6,"column":19},"end":{"line":6,"column":35}},"2":{"start":{"line":7,"column":17},"end":{"line":7,"column":52}},"3":{"start":{"line":7,"column":41},"end":{"line":7,"column":51}},"4":{"start":{"line":8,"column":2},"end":{"line":10,"column":17}},"5":{"start":{"line":9,"column":4},"end":{"line":9,"column":44}}},"fnMap":{"0":{"name":"(anonymous_0)","decl":{"start":{"line":5,"column":28},"end":{"line":5,"column":29}},"loc":{"start":{"line":5,"column":34},"end":{"line":11,"column":1}},"line":5},"1":{"name":"(anonymous_1)","decl":{"start":{"line":7,"column":32},"end":{"line":7,"column":33}},"loc":{"start":{"line":7,"column":41},"end":{"line":7,"column":51}},"line":7},"2":{"name":"(anonymous_2)","decl":{"start":{"line":8,"column":12},"end":{"line":8,"column":13}},"loc":{"start":{"line":8,"column":18},"end":{"line":10,"column":3}},"line":8}},"branchMap":{"0":{"loc":{"start":{"line":9,"column":27},"end":{"line":9,"column":41}},"type":"binary-expr","locations":[{"start":{"line":9,"column":27},"end":{"line":9,"column":35}},{"start":{"line":9,"column":39},"end":{"line":9,"column":41}}],"line":9}},"s":{"0":1,"1":0,"2":0,"3":0,"4":0,"5":0},"f":{"0":0,"1":0,"2":0},"b":{"0":[0,0]},"_coverageSchema":"1a1c01bbd47fc00a2c39e90264f33305004495a9","hash":"554682f8beeffc38e1bae79ee3b7d9a05daa223e"}
,"D:\\Coding\\Front End Journey\\todo-list\\src\\utils\\hooks\\store.ts": {"path":"D:\\Coding\\Front End Journey\\todo-list\\src\\utils\\hooks\\store.ts","statementMap":{"0":{"start":{"line":5,"column":49},"end":{"line":5,"column":60}},"1":{"start":{"line":6,"column":63},"end":{"line":6,"column":74}}},"fnMap":{},"branchMap":{},"s":{"0":1,"1":1},"f":{},"b":{},"_coverageSchema":"1a1c01bbd47fc00a2c39e90264f33305004495a9","hash":"0dfbad6685a2a378c0266a5a005ac0d3c54b2d66"}
,"D:\\Coding\\Front End Journey\\todo-list\\src\\utils\\store\\index.ts": {"path":"D:\\Coding\\Front End Journey\\todo-list\\src\\utils\\store\\index.ts","statementMap":{"0":{"start":{"line":6,"column":21},"end":{"line":12,"column":2}},"1":{"start":{"line":11,"column":40},"end":{"line":11,"column":86}}},"fnMap":{"0":{"name":"(anonymous_0)","decl":{"start":{"line":11,"column":14},"end":{"line":11,"column":15}},"loc":{"start":{"line":11,"column":40},"end":{"line":11,"column":86}},"line":11}},"branchMap":{},"s":{"0":1,"1":1},"f":{"0":1},"b":{},"_coverageSchema":"1a1c01bbd47fc00a2c39e90264f33305004495a9","hash":"d9c180324408bd10b3ac36f2982c66525ba6cb01"}
,"D:\\Coding\\Front End Journey\\todo-list\\src\\utils\\store\\slices\\todosSlices.ts": {"path":"D:\\Coding\\Front End Journey\\todo-list\\src\\utils\\store\\slices\\todosSlices.ts","statementMap":{"0":{"start":{"line":11,"column":33},"end":{"line":13,"column":1}},"1":{"start":{"line":15,"column":29},"end":{"line":17,"column":2}},"2":{"start":{"line":16,"column":2},"end":{"line":16,"column":34}},"3":{"start":{"line":19,"column":26},"end":{"line":21,"column":2}},"4":{"start":{"line":20,"column":2},"end":{"line":20,"column":32}},"5":{"start":{"line":23,"column":26},"end":{"line":40,"column":2}},"6":{"start":{"line":28,"column":6},"end":{"line":28,"column":22}},"7":{"start":{"line":32,"column":4},"end":{"line":34,"column":7}},"8":{"start":{"line":33,"column":6},"end":{"line":33,"column":35}},"9":{"start":{"line":35,"column":4},"end":{"line":37,"column":7}},"10":{"start":{"line":36,"column":6},"end":{"line":36,"column":52}},"11":{"start":{"line":42,"column":26},"end":{"line":42,"column":44}},"12":{"start":{"line":43,"column":27},"end":{"line":43,"column":60}},"13":{"start":{"line":43,"column":49},"end":{"line":43,"column":60}}},"fnMap":{"0":{"name":"(anonymous_0)","decl":{"start":{"line":15,"column":69},"end":{"line":15,"column":70}},"loc":{"start":{"line":15,"column":95},"end":{"line":17,"column":1}},"line":15},"1":{"name":"(anonymous_1)","decl":{"start":{"line":19,"column":63},"end":{"line":19,"column":64}},"loc":{"start":{"line":19,"column":94},"end":{"line":21,"column":1}},"line":19},"2":{"name":"(anonymous_2)","decl":{"start":{"line":27,"column":14},"end":{"line":27,"column":15}},"loc":{"start":{"line":27,"column":25},"end":{"line":29,"column":5}},"line":27},"3":{"name":"(anonymous_3)","decl":{"start":{"line":31,"column":17},"end":{"line":31,"column":18}},"loc":{"start":{"line":31,"column":30},"end":{"line":39,"column":3}},"line":31},"4":{"name":"(anonymous_4)","decl":{"start":{"line":32,"column":45},"end":{"line":32,"column":46}},"loc":{"start":{"line":32,"column":64},"end":{"line":34,"column":5}},"line":32},"5":{"name":"(anonymous_5)","decl":{"start":{"line":35,"column":42},"end":{"line":35,"column":43}},"loc":{"start":{"line":35,"column":61},"end":{"line":37,"column":5}},"line":35},"6":{"name":"(anonymous_6)","decl":{"start":{"line":43,"column":27},"end":{"line":43,"column":28}},"loc":{"start":{"line":43,"column":49},"end":{"line":43,"column":60}},"line":43}},"branchMap":{},"s":{"0":1,"1":1,"2":0,"3":1,"4":0,"5":1,"6":0,"7":1,"8":0,"9":1,"10":0,"11":1,"12":1,"13":0},"f":{"0":0,"1":0,"2":0,"3":1,"4":0,"5":0,"6":0},"b":{},"_coverageSchema":"1a1c01bbd47fc00a2c39e90264f33305004495a9","hash":"2e4be38c36f013fed11f88b51534d0fbc43ce8c1"}
,"D:\\Coding\\Front End Journey\\todo-list\\src\\utils\\store\\slices\\userSlices.ts": {"path":"D:\\Coding\\Front End Journey\\todo-list\\src\\utils\\store\\slices\\userSlices.ts","statementMap":{"0":{"start":{"line":9,"column":32},"end":{"line":11,"column":1}},"1":{"start":{"line":13,"column":25},"end":{"line":24,"column":2}},"2":{"start":{"line":18,"column":6},"end":{"line":18,"column":33}},"3":{"start":{"line":21,"column":6},"end":{"line":21,"column":23}},"4":{"start":{"line":26,"column":33},"end":{"line":26,"column":50}}},"fnMap":{"0":{"name":"(anonymous_0)","decl":{"start":{"line":17,"column":13},"end":{"line":17,"column":14}},"loc":{"start":{"line":17,"column":32},"end":{"line":19,"column":5}},"line":17},"1":{"name":"(anonymous_1)","decl":{"start":{"line":20,"column":12},"end":{"line":20,"column":13}},"loc":{"start":{"line":20,"column":23},"end":{"line":22,"column":5}},"line":20}},"branchMap":{},"s":{"0":1,"1":1,"2":0,"3":0,"4":1},"f":{"0":0,"1":0},"b":{},"_coverageSchema":"1a1c01bbd47fc00a2c39e90264f33305004495a9","hash":"f65c53b5b37184b6d7534c3d18450fce91963fa2"}
}
