{"D:\\Coding\\Front End Journey\\todo-list\\src\\App.tsx": {"path":"D:\\Coding\\Front End Journey\\todo-list\\src\\App.tsx","statementMap":{"0":{"start":{"line":7,"column":26},"end":{"line":7,"column":35}},"1":{"start":{"line":9,"column":2},"end":{"line":11,"column":3}},"2":{"start":{"line":10,"column":4},"end":{"line":10,"column":27}},"3":{"start":{"line":13,"column":2},"end":{"line":14,"column":29}}},"fnMap":{"0":{"name":"App","decl":{"start":{"line":6,"column":9},"end":{"line":6,"column":12}},"loc":{"start":{"line":6,"column":15},"end":{"line":15,"column":1}},"line":6}},"branchMap":{"0":{"loc":{"start":{"line":9,"column":2},"end":{"line":11,"column":3}},"type":"if","locations":[{"start":{"line":9,"column":2},"end":{"line":11,"column":3}},{"start":{},"end":{}}],"line":9},"1":{"loc":{"start":{"line":13,"column":9},"end":{"line":14,"column":29}},"type":"cond-expr","locations":[{"start":{"line":14,"column":4},"end":{"line":14,"column":15}},{"start":{"line":14,"column":18},"end":{"line":14,"column":29}}],"line":13}},"s":{"0":0,"1":0,"2":0,"3":0},"f":{"0":0},"b":{"0":[0,0],"1":[0,0]},"_coverageSchema":"1a1c01bbd47fc00a2c39e90264f33305004495a9","hash":"2d491de4b0177e3fdfcc1564d150c374c8153ce7"}
,"D:\\Coding\\Front End Journey\\todo-list\\src\\main.tsx": {"path":"D:\\Coding\\Front End Journey\\todo-list\\src\\main.tsx","statementMap":{"0":{"start":{"line":11,"column":23},"end":{"line":18,"column":1}},"1":{"start":{"line":20,"column":12},"end":{"line":20,"column":41}},"2":{"start":{"line":21,"column":18},"end":{"line":21,"column":35}},"3":{"start":{"line":22,"column":20},"end":{"line":22,"column":32}},"4":{"start":{"line":24,"column":0},"end":{"line":31,"column":1}}},"fnMap":{},"branchMap":{},"s":{"0":1,"1":1,"2":1,"3":1,"4":1},"f":{},"b":{},"_coverageSchema":"1a1c01bbd47fc00a2c39e90264f33305004495a9","hash":"62a60fe7de209e854cc9ee6a1771cc6e6f798a12"}
,"D:\\Coding\\Front End Journey\\todo-list\\src\\Components\\AddNewItem\\index.tsx": {"path":"D:\\Coding\\Front End Journey\\todo-list\\src\\Components\\AddNewItem\\index.tsx","statementMap":{"0":{"start":{"line":9,"column":19},"end":{"line":31,"column":1}},"1":{"start":{"line":10,"column":14},"end":{"line":10,"column":30}},"2":{"start":{"line":11,"column":19},"end":{"line":11,"column":35}},"3":{"start":{"line":12,"column":17},"end":{"line":12,"column":52}},"4":{"start":{"line":12,"column":41},"end":{"line":12,"column":51}},"5":{"start":{"line":13,"column":26},"end":{"line":13,"column":38}},"6":{"start":{"line":16,"column":4},"end":{"line":16,"column":56}},"7":{"start":{"line":20,"column":4},"end":{"line":20,"column":27}},"8":{"start":{"line":23,"column":2},"end":{"line":30,"column":4}}},"fnMap":{"0":{"name":"(anonymous_0)","decl":{"start":{"line":9,"column":19},"end":{"line":9,"column":20}},"loc":{"start":{"line":9,"column":25},"end":{"line":31,"column":1}},"line":9},"1":{"name":"(anonymous_1)","decl":{"start":{"line":12,"column":32},"end":{"line":12,"column":33}},"loc":{"start":{"line":12,"column":41},"end":{"line":12,"column":51}},"line":12},"2":{"name":"handleAddTodo","decl":{"start":{"line":15,"column":17},"end":{"line":15,"column":30}},"loc":{"start":{"line":15,"column":33},"end":{"line":17,"column":3}},"line":15},"3":{"name":"handleTextChange","decl":{"start":{"line":19,"column":11},"end":{"line":19,"column":27}},"loc":{"start":{"line":19,"column":62},"end":{"line":21,"column":3}},"line":19}},"branchMap":{"0":{"loc":{"start":{"line":16,"column":39},"end":{"line":16,"column":53}},"type":"binary-expr","locations":[{"start":{"line":16,"column":39},"end":{"line":16,"column":47}},{"start":{"line":16,"column":51},"end":{"line":16,"column":53}}],"line":16}},"s":{"0":1,"1":0,"2":0,"3":0,"4":0,"5":0,"6":0,"7":0,"8":0},"f":{"0":0,"1":0,"2":0,"3":0},"b":{"0":[0,0]},"_coverageSchema":"1a1c01bbd47fc00a2c39e90264f33305004495a9","hash":"3993d2bc7f6a8d4133c288f5ec0557df4a169b04"}
,"D:\\Coding\\Front End Journey\\todo-list\\src\\Components\\AddNewItem\\styles\\Container.ts": {"path":"D:\\Coding\\Front End Journey\\todo-list\\src\\Components\\AddNewItem\\styles\\Container.ts","statementMap":{"0":{"start":{"line":3,"column":18},"end":{"line":7,"column":1}}},"fnMap":{},"branchMap":{},"s":{"0":1},"f":{},"b":{},"_coverageSchema":"1a1c01bbd47fc00a2c39e90264f33305004495a9","hash":"d6948c0904a9ce43e74aca2d20de735e79f4e4d1"}
,"D:\\Coding\\Front End Journey\\todo-list\\src\\Components\\Header\\index.tsx": {"path":"D:\\Coding\\Front End Journey\\todo-list\\src\\Components\\Header\\index.tsx","statementMap":{"0":{"start":{"line":8,"column":15},"end":{"line":23,"column":1}},"1":{"start":{"line":9,"column":15},"end":{"line":9,"column":55}},"2":{"start":{"line":9,"column":39},"end":{"line":9,"column":54}},"3":{"start":{"line":10,"column":14},"end":{"line":10,"column":30}},"4":{"start":{"line":13,"column":4},"end":{"line":13,"column":25}},"5":{"start":{"line":14,"column":4},"end":{"line":14,"column":34}},"6":{"start":{"line":17,"column":2},"end":{"line":22,"column":4}}},"fnMap":{"0":{"name":"(anonymous_0)","decl":{"start":{"line":8,"column":15},"end":{"line":8,"column":16}},"loc":{"start":{"line":8,"column":21},"end":{"line":23,"column":1}},"line":8},"1":{"name":"(anonymous_1)","decl":{"start":{"line":9,"column":30},"end":{"line":9,"column":31}},"loc":{"start":{"line":9,"column":39},"end":{"line":9,"column":54}},"line":9},"2":{"name":"handleLogout","decl":{"start":{"line":12,"column":11},"end":{"line":12,"column":23}},"loc":{"start":{"line":12,"column":26},"end":{"line":15,"column":3}},"line":12}},"branchMap":{},"s":{"0":1,"1":0,"2":0,"3":0,"4":0,"5":0,"6":0},"f":{"0":0,"1":0,"2":0},"b":{},"_coverageSchema":"1a1c01bbd47fc00a2c39e90264f33305004495a9","hash":"45a7216e7154d30f37d7594b094b1bca59b1ca07"}
,"D:\\Coding\\Front End Journey\\todo-list\\src\\Components\\Header\\styles\\Container.ts": {"path":"D:\\Coding\\Front End Journey\\todo-list\\src\\Components\\Header\\styles\\Container.ts","statementMap":{"0":{"start":{"line":3,"column":18},"end":{"line":11,"column":1}}},"fnMap":{},"branchMap":{},"s":{"0":1},"f":{},"b":{},"_coverageSchema":"1a1c01bbd47fc00a2c39e90264f33305004495a9","hash":"f2fba7d67b3ba6ee7995576c165a77ffce19e812"}
,"D:\\Coding\\Front End Journey\\todo-list\\src\\Components\\TodoItem\\index.tsx": {"path":"D:\\Coding\\Front End Journey\\todo-list\\src\\Components\\TodoItem\\index.tsx","statementMap":{"0":{"start":{"line":11,"column":17},"end":{"line":27,"column":1}},"1":{"start":{"line":12,"column":28},"end":{"line":12,"column":32}},"2":{"start":{"line":13,"column":40},"end":{"line":13,"column":59}},"3":{"start":{"line":16,"column":22},"end":{"line":16,"column":30}},"4":{"start":{"line":17,"column":4},"end":{"line":17,"column":28}},"5":{"start":{"line":18,"column":4},"end":{"line":18,"column":52}},"6":{"start":{"line":21,"column":2},"end":{"line":26,"column":4}}},"fnMap":{"0":{"name":"(anonymous_0)","decl":{"start":{"line":11,"column":17},"end":{"line":11,"column":18}},"loc":{"start":{"line":11,"column":36},"end":{"line":27,"column":1}},"line":11},"1":{"name":"handleCheck","decl":{"start":{"line":15,"column":17},"end":{"line":15,"column":28}},"loc":{"start":{"line":15,"column":63},"end":{"line":19,"column":3}},"line":15}},"branchMap":{"0":{"loc":{"start":{"line":24,"column":39},"end":{"line":24,"column":76}},"type":"cond-expr","locations":[{"start":{"line":24,"column":53},"end":{"line":24,"column":67}},{"start":{"line":24,"column":70},"end":{"line":24,"column":76}}],"line":24}},"s":{"0":1,"1":0,"2":0,"3":0,"4":0,"5":0,"6":0},"f":{"0":0,"1":0},"b":{"0":[0,0]},"_coverageSchema":"1a1c01bbd47fc00a2c39e90264f33305004495a9","hash":"dc480d6db9b1165ed502e457d24cc687b31c88c0"}
,"D:\\Coding\\Front End Journey\\todo-list\\src\\Components\\TodoItem\\styles\\Container.ts": {"path":"D:\\Coding\\Front End Journey\\todo-list\\src\\Components\\TodoItem\\styles\\Container.ts","statementMap":{"0":{"start":{"line":3,"column":18},"end":{"line":7,"column":1}}},"fnMap":{},"branchMap":{},"s":{"0":1},"f":{},"b":{},"_coverageSchema":"1a1c01bbd47fc00a2c39e90264f33305004495a9","hash":"bcc51068ed567e6c80bc104c75038d4f7f27d402"}
,"D:\\Coding\\Front End Journey\\todo-list\\src\\Components\\TodoList\\index.tsx": {"path":"D:\\Coding\\Front End Journey\\todo-list\\src\\Components\\TodoList\\index.tsx","statementMap":{"0":{"start":{"line":9,"column":26},"end":{"line":12,"column":2}},"1":{"start":{"line":15,"column":17},"end":{"line":31,"column":1}},"2":{"start":{"line":16,"column":16},"end":{"line":16,"column":58}},"3":{"start":{"line":16,"column":40},"end":{"line":16,"column":57}},"4":{"start":{"line":18,"column":29},"end":{"line":18,"column":50}},"5":{"start":{"line":20,"column":2},"end":{"line":30,"column":4}},"6":{"start":{"line":24,"column":26},"end":{"line":24,"column":74}},"7":{"start":{"line":25,"column":25},"end":{"line":25,"column":62}},"8":{"start":{"line":26,"column":28},"end":{"line":26,"column":65}}},"fnMap":{"0":{"name":"(anonymous_0)","decl":{"start":{"line":15,"column":17},"end":{"line":15,"column":18}},"loc":{"start":{"line":15,"column":38},"end":{"line":31,"column":1}},"line":15},"1":{"name":"(anonymous_1)","decl":{"start":{"line":16,"column":31},"end":{"line":16,"column":32}},"loc":{"start":{"line":16,"column":40},"end":{"line":16,"column":57}},"line":16},"2":{"name":"(anonymous_2)","decl":{"start":{"line":24,"column":18},"end":{"line":24,"column":19}},"loc":{"start":{"line":24,"column":26},"end":{"line":24,"column":74}},"line":24},"3":{"name":"(anonymous_3)","decl":{"start":{"line":25,"column":15},"end":{"line":25,"column":16}},"loc":{"start":{"line":25,"column":25},"end":{"line":25,"column":62}},"line":25},"4":{"name":"(anonymous_4)","decl":{"start":{"line":26,"column":18},"end":{"line":26,"column":19}},"loc":{"start":{"line":26,"column":28},"end":{"line":26,"column":65}},"line":26}},"branchMap":{"0":{"loc":{"start":{"line":22,"column":7},"end":{"line":26,"column":66}},"type":"cond-expr","locations":[{"start":{"line":23,"column":8},"end":{"line":25,"column":63}},{"start":{"line":26,"column":8},"end":{"line":26,"column":66}}],"line":22}},"s":{"0":1,"1":1,"2":0,"3":0,"4":0,"5":0,"6":0,"7":0,"8":0},"f":{"0":0,"1":0,"2":0,"3":0,"4":0},"b":{"0":[0,0]},"_coverageSchema":"1a1c01bbd47fc00a2c39e90264f33305004495a9","hash":"81b9a092c693381f3f4c63d762d2015798a74a20"}
,"D:\\Coding\\Front End Journey\\todo-list\\src\\Components\\TodoList\\styles\\Container.ts": {"path":"D:\\Coding\\Front End Journey\\todo-list\\src\\Components\\TodoList\\styles\\Container.ts","statementMap":{"0":{"start":{"line":3,"column":18},"end":{"line":10,"column":1}}},"fnMap":{},"branchMap":{},"s":{"0":1},"f":{},"b":{},"_coverageSchema":"1a1c01bbd47fc00a2c39e90264f33305004495a9","hash":"32d5909316ca1110fb25887fe55b261afe18c8b3"}
,"D:\\Coding\\Front End Journey\\todo-list\\src\\common\\enums\\filters.ts": {"path":"D:\\Coding\\Front End Journey\\todo-list\\src\\common\\enums\\filters.ts","statementMap":{},"fnMap":{},"branchMap":{},"s":{},"f":{},"b":{},"_coverageSchema":"1a1c01bbd47fc00a2c39e90264f33305004495a9","hash":"8f30efe2773e0c348e5b941a7d954312d67e3761"}
,"D:\\Coding\\Front End Journey\\todo-list\\src\\common\\styles\\Page.ts": {"path":"D:\\Coding\\Front End Journey\\todo-list\\src\\common\\styles\\Page.ts","statementMap":{"0":{"start":{"line":3,"column":12},"end":{"line":12,"column":1}}},"fnMap":{},"branchMap":{},"s":{"0":1},"f":{},"b":{},"_coverageSchema":"1a1c01bbd47fc00a2c39e90264f33305004495a9","hash":"b1064abd6216982d28a38ac7501117ce6b46721b"}
,"D:\\Coding\\Front End Journey\\todo-list\\src\\common\\styles\\RoundedButton.ts": {"path":"D:\\Coding\\Front End Journey\\todo-list\\src\\common\\styles\\RoundedButton.ts","statementMap":{"0":{"start":{"line":3,"column":22},"end":{"line":5,"column":1}}},"fnMap":{},"branchMap":{},"s":{"0":1},"f":{},"b":{},"_coverageSchema":"1a1c01bbd47fc00a2c39e90264f33305004495a9","hash":"42735679f16a509b423955cef2819492e4658290"}
,"D:\\Coding\\Front End Journey\\todo-list\\src\\pages\\AuthPage\\index.tsx": {"path":"D:\\Coding\\Front End Journey\\todo-list\\src\\pages\\AuthPage\\index.tsx","statementMap":{"0":{"start":{"line":4,"column":17},"end":{"line":11,"column":1}},"1":{"start":{"line":6,"column":2},"end":{"line":10,"column":4}}},"fnMap":{"0":{"name":"(anonymous_0)","decl":{"start":{"line":4,"column":17},"end":{"line":4,"column":18}},"loc":{"start":{"line":4,"column":23},"end":{"line":11,"column":1}},"line":4}},"branchMap":{},"s":{"0":1,"1":0},"f":{"0":0},"b":{},"_coverageSchema":"1a1c01bbd47fc00a2c39e90264f33305004495a9","hash":"6e4cb649d09812f152726a02b6b13e06a6a81b80"}
,"D:\\Coding\\Front End Journey\\todo-list\\src\\pages\\AuthPage\\Form\\index.tsx": {"path":"D:\\Coding\\Front End Journey\\todo-list\\src\\pages\\AuthPage\\Form\\index.tsx","statementMap":{"0":{"start":{"line":9,"column":13},"end":{"line":86,"column":1}},"1":{"start":{"line":10,"column":26},"end":{"line":10,"column":38}},"2":{"start":{"line":11,"column":34},"end":{"line":11,"column":46}},"3":{"start":{"line":12,"column":14},"end":{"line":12,"column":30}},"4":{"start":{"line":13,"column":42},"end":{"line":13,"column":54}},"5":{"start":{"line":16,"column":19},"end":{"line":16,"column":52}},"6":{"start":{"line":17,"column":4},"end":{"line":17,"column":16}},"7":{"start":{"line":18,"column":4},"end":{"line":18,"column":20}},"8":{"start":{"line":20,"column":4},"end":{"line":23,"column":5}},"9":{"start":{"line":21,"column":6},"end":{"line":21,"column":52}},"10":{"start":{"line":22,"column":6},"end":{"line":22,"column":12}},"11":{"start":{"line":24,"column":4},"end":{"line":24,"column":45}},"12":{"start":{"line":25,"column":4},"end":{"line":25,"column":35}},"13":{"start":{"line":30,"column":4},"end":{"line":32,"column":5}},"14":{"start":{"line":31,"column":6},"end":{"line":31,"column":12}},"15":{"start":{"line":34,"column":27},"end":{"line":34,"column":67}},"16":{"start":{"line":36,"column":4},"end":{"line":41,"column":5}},"17":{"start":{"line":37,"column":6},"end":{"line":37,"column":18}},"18":{"start":{"line":38,"column":6},"end":{"line":38,"column":22}},"19":{"start":{"line":39,"column":6},"end":{"line":39,"column":62}},"20":{"start":{"line":40,"column":6},"end":{"line":40,"column":12}},"21":{"start":{"line":43,"column":4},"end":{"line":43,"column":35}},"22":{"start":{"line":44,"column":4},"end":{"line":44,"column":24}},"23":{"start":{"line":49,"column":4},"end":{"line":49,"column":28}},"24":{"start":{"line":53,"column":4},"end":{"line":53,"column":32}},"25":{"start":{"line":56,"column":2},"end":{"line":85,"column":4}},"26":{"start":{"line":77,"column":23},"end":{"line":77,"column":42}}},"fnMap":{"0":{"name":"(anonymous_0)","decl":{"start":{"line":9,"column":13},"end":{"line":9,"column":14}},"loc":{"start":{"line":9,"column":19},"end":{"line":86,"column":1}},"line":9},"1":{"name":"handleLogin","decl":{"start":{"line":15,"column":17},"end":{"line":15,"column":28}},"loc":{"start":{"line":15,"column":31},"end":{"line":27,"column":3}},"line":15},"2":{"name":"handleSignIn","decl":{"start":{"line":29,"column":17},"end":{"line":29,"column":29}},"loc":{"start":{"line":29,"column":32},"end":{"line":45,"column":3}},"line":29},"3":{"name":"handleNameChange","decl":{"start":{"line":48,"column":11},"end":{"line":48,"column":27}},"loc":{"start":{"line":48,"column":62},"end":{"line":50,"column":3}},"line":48},"4":{"name":"handlePasswordChange","decl":{"start":{"line":52,"column":11},"end":{"line":52,"column":31}},"loc":{"start":{"line":52,"column":66},"end":{"line":54,"column":3}},"line":52},"5":{"name":"(anonymous_5)","decl":{"start":{"line":77,"column":17},"end":{"line":77,"column":18}},"loc":{"start":{"line":77,"column":23},"end":{"line":77,"column":42}},"line":77}},"branchMap":{"0":{"loc":{"start":{"line":20,"column":4},"end":{"line":23,"column":5}},"type":"if","locations":[{"start":{"line":20,"column":4},"end":{"line":23,"column":5}},{"start":{},"end":{}}],"line":20},"1":{"loc":{"start":{"line":30,"column":4},"end":{"line":32,"column":5}},"type":"if","locations":[{"start":{"line":30,"column":4},"end":{"line":32,"column":5}},{"start":{},"end":{}}],"line":30},"2":{"loc":{"start":{"line":30,"column":8},"end":{"line":30,"column":26}},"type":"binary-expr","locations":[{"start":{"line":30,"column":8},"end":{"line":30,"column":13}},{"start":{"line":30,"column":17},"end":{"line":30,"column":26}}],"line":30},"3":{"loc":{"start":{"line":36,"column":4},"end":{"line":41,"column":5}},"type":"if","locations":[{"start":{"line":36,"column":4},"end":{"line":41,"column":5}},{"start":{},"end":{}}],"line":36}},"s":{"0":1,"1":0,"2":0,"3":0,"4":0,"5":0,"6":0,"7":0,"8":0,"9":0,"10":0,"11":0,"12":0,"13":0,"14":0,"15":0,"16":0,"17":0,"18":0,"19":0,"20":0,"21":0,"22":0,"23":0,"24":0,"25":0,"26":0},"f":{"0":0,"1":0,"2":0,"3":0,"4":0,"5":0},"b":{"0":[0,0],"1":[0,0],"2":[0,0],"3":[0,0]},"_coverageSchema":"1a1c01bbd47fc00a2c39e90264f33305004495a9","hash":"7d13757f6df4c917f35a015d8d67c1618a028ec7"}
,"D:\\Coding\\Front End Journey\\todo-list\\src\\pages\\AuthPage\\Form\\styles\\Container.ts": {"path":"D:\\Coding\\Front End Journey\\todo-list\\src\\pages\\AuthPage\\Form\\styles\\Container.ts","statementMap":{"0":{"start":{"line":3,"column":18},"end":{"line":11,"column":1}}},"fnMap":{},"branchMap":{},"s":{"0":1},"f":{},"b":{},"_coverageSchema":"1a1c01bbd47fc00a2c39e90264f33305004495a9","hash":"4aaa466a6f60c13b45b914480b63a4c889265bcd"}
,"D:\\Coding\\Front End Journey\\todo-list\\src\\pages\\LoadingPage\\index.tsx": {"path":"D:\\Coding\\Front End Journey\\todo-list\\src\\pages\\LoadingPage\\index.tsx","statementMap":{"0":{"start":{"line":5,"column":20},"end":{"line":13,"column":3}},"1":{"start":{"line":6,"column":16},"end":{"line":6,"column":32}},"2":{"start":{"line":8,"column":4},"end":{"line":12,"column":6}}},"fnMap":{"0":{"name":"(anonymous_0)","decl":{"start":{"line":5,"column":20},"end":{"line":5,"column":21}},"loc":{"start":{"line":5,"column":26},"end":{"line":13,"column":3}},"line":5}},"branchMap":{},"s":{"0":1,"1":0,"2":0},"f":{"0":0},"b":{},"_coverageSchema":"1a1c01bbd47fc00a2c39e90264f33305004495a9","hash":"83a1a59392e59747af77882ec2144e1360ced1dc"}
,"D:\\Coding\\Front End Journey\\todo-list\\src\\pages\\MainPage\\index.tsx": {"path":"D:\\Coding\\Front End Journey\\todo-list\\src\\pages\\MainPage\\index.tsx","statementMap":{"0":{"start":{"line":11,"column":17},"end":{"line":26,"column":1}},"1":{"start":{"line":12,"column":44},"end":{"line":12,"column":64}},"2":{"start":{"line":13,"column":14},"end":{"line":13,"column":30}},"3":{"start":{"line":14,"column":2},"end":{"line":14,"column":17}},"4":{"start":{"line":16,"column":2},"end":{"line":25,"column":4}},"5":{"start":{"line":22,"column":61},"end":{"line":22,"column":87}}},"fnMap":{"0":{"name":"(anonymous_0)","decl":{"start":{"line":11,"column":17},"end":{"line":11,"column":18}},"loc":{"start":{"line":11,"column":23},"end":{"line":26,"column":1}},"line":11},"1":{"name":"(anonymous_1)","decl":{"start":{"line":22,"column":47},"end":{"line":22,"column":48}},"loc":{"start":{"line":22,"column":61},"end":{"line":22,"column":87}},"line":22}},"branchMap":{},"s":{"0":1,"1":0,"2":0,"3":0,"4":0,"5":0},"f":{"0":0,"1":0},"b":{},"_coverageSchema":"1a1c01bbd47fc00a2c39e90264f33305004495a9","hash":"f99cdbf312d276cb29971c51aff82df8dda87589"}
,"D:\\Coding\\Front End Journey\\todo-list\\src\\pages\\MainPage\\Filters\\index.tsx": {"path":"D:\\Coding\\Front End Journey\\todo-list\\src\\pages\\MainPage\\Filters\\index.tsx","statementMap":{"0":{"start":{"line":6,"column":22},"end":{"line":6,"column":43}},"1":{"start":{"line":13,"column":16},"end":{"line":24,"column":1}},"2":{"start":{"line":14,"column":14},"end":{"line":14,"column":30}},"3":{"start":{"line":16,"column":2},"end":{"line":23,"column":4}},"4":{"start":{"line":19,"column":8},"end":{"line":21,"column":17}},"5":{"start":{"line":19,"column":94},"end":{"line":19,"column":108}}},"fnMap":{"0":{"name":"(anonymous_0)","decl":{"start":{"line":13,"column":16},"end":{"line":13,"column":17}},"loc":{"start":{"line":13,"column":46},"end":{"line":24,"column":1}},"line":13},"1":{"name":"(anonymous_1)","decl":{"start":{"line":18,"column":25},"end":{"line":18,"column":26}},"loc":{"start":{"line":19,"column":8},"end":{"line":21,"column":17}},"line":19},"2":{"name":"(anonymous_2)","decl":{"start":{"line":19,"column":88},"end":{"line":19,"column":89}},"loc":{"start":{"line":19,"column":94},"end":{"line":19,"column":108}},"line":19}},"branchMap":{"0":{"loc":{"start":{"line":19,"column":25},"end":{"line":19,"column":66}},"type":"cond-expr","locations":[{"start":{"line":19,"column":42},"end":{"line":19,"column":53}},{"start":{"line":19,"column":56},"end":{"line":19,"column":66}}],"line":19}},"s":{"0":1,"1":1,"2":0,"3":0,"4":0,"5":0},"f":{"0":0,"1":0,"2":0},"b":{"0":[0,0]},"_coverageSchema":"1a1c01bbd47fc00a2c39e90264f33305004495a9","hash":"84ddc3ca73bd45b03c888c4ce7b74ef8a41dbd7a"}
,"D:\\Coding\\Front End Journey\\todo-list\\src\\pages\\MainPage\\Filters\\styles\\Container.ts": {"path":"D:\\Coding\\Front End Journey\\todo-list\\src\\pages\\MainPage\\Filters\\styles\\Container.ts","statementMap":{"0":{"start":{"line":3,"column":18},"end":{"line":5,"column":1}}},"fnMap":{},"branchMap":{},"s":{"0":1},"f":{},"b":{},"_coverageSchema":"1a1c01bbd47fc00a2c39e90264f33305004495a9","hash":"604eee1283d7261ddb847bea05720a4a4f139924"}
,"D:\\Coding\\Front End Journey\\todo-list\\src\\utils\\firebase\\todoStorage.ts": {"path":"D:\\Coding\\Front End Journey\\todo-list\\src\\utils\\firebase\\todoStorage.ts","statementMap":{"0":{"start":{"line":5,"column":26},"end":{"line":19,"column":1}},"1":{"start":{"line":6,"column":23},"end":{"line":6,"column":25}},"2":{"start":{"line":8,"column":19},"end":{"line":8,"column":42}},"3":{"start":{"line":9,"column":24},"end":{"line":9,"column":70}},"4":{"start":{"line":11,"column":2},"end":{"line":17,"column":5}},"5":{"start":{"line":12,"column":20},"end":{"line":15,"column":15}},"6":{"start":{"line":12,"column":52},"end":{"line":15,"column":14}},"7":{"start":{"line":16,"column":4},"end":{"line":16,"column":21}},"8":{"start":{"line":18,"column":2},"end":{"line":18,"column":16}},"9":{"start":{"line":21,"column":23},"end":{"line":27,"column":1}},"10":{"start":{"line":22,"column":25},"end":{"line":22,"column":53}},"11":{"start":{"line":23,"column":17},"end":{"line":23,"column":64}},"12":{"start":{"line":24,"column":22},"end":{"line":24,"column":42}},"13":{"start":{"line":26,"column":2},"end":{"line":26,"column":63}},"14":{"start":{"line":29,"column":26},"end":{"line":36,"column":1}},"15":{"start":{"line":30,"column":2},"end":{"line":32,"column":3}},"16":{"start":{"line":31,"column":4},"end":{"line":31,"column":10}},"17":{"start":{"line":34,"column":17},"end":{"line":34,"column":43}},"18":{"start":{"line":35,"column":2},"end":{"line":35,"column":35}}},"fnMap":{"0":{"name":"(anonymous_0)","decl":{"start":{"line":5,"column":26},"end":{"line":5,"column":27}},"loc":{"start":{"line":5,"column":69},"end":{"line":19,"column":1}},"line":5},"1":{"name":"(anonymous_1)","decl":{"start":{"line":11,"column":36},"end":{"line":11,"column":37}},"loc":{"start":{"line":11,"column":55},"end":{"line":17,"column":3}},"line":11},"2":{"name":"(anonymous_2)","decl":{"start":{"line":12,"column":43},"end":{"line":12,"column":44}},"loc":{"start":{"line":12,"column":52},"end":{"line":15,"column":14}},"line":12},"3":{"name":"(anonymous_3)","decl":{"start":{"line":21,"column":23},"end":{"line":21,"column":24}},"loc":{"start":{"line":21,"column":67},"end":{"line":27,"column":1}},"line":21},"4":{"name":"(anonymous_4)","decl":{"start":{"line":29,"column":26},"end":{"line":29,"column":27}},"loc":{"start":{"line":29,"column":64},"end":{"line":36,"column":1}},"line":29}},"branchMap":{"0":{"loc":{"start":{"line":30,"column":2},"end":{"line":32,"column":3}},"type":"if","locations":[{"start":{"line":30,"column":2},"end":{"line":32,"column":3}},{"start":{},"end":{}}],"line":30}},"s":{"0":2,"1":0,"2":0,"3":0,"4":0,"5":0,"6":0,"7":0,"8":0,"9":2,"10":1,"11":1,"12":1,"13":1,"14":2,"15":0,"16":0,"17":0,"18":0},"f":{"0":0,"1":0,"2":0,"3":1,"4":0},"b":{"0":[0,0]},"_coverageSchema":"1a1c01bbd47fc00a2c39e90264f33305004495a9","hash":"acc71978ecbf7756a9122009c3b571de86acf6fe"}
,"D:\\Coding\\Front End Journey\\todo-list\\src\\utils\\firebase\\userStorage.ts": {"path":"D:\\Coding\\Front End Journey\\todo-list\\src\\utils\\firebase\\userStorage.ts","statementMap":{"0":{"start":{"line":7,"column":19},"end":{"line":7,"column":42}},"1":{"start":{"line":8,"column":18},"end":{"line":8,"column":33}},"2":{"start":{"line":10,"column":2},"end":{"line":12,"column":3}},"3":{"start":{"line":11,"column":4},"end":{"line":11,"column":89}},"4":{"start":{"line":13,"column":24},"end":{"line":13,"column":48}},"5":{"start":{"line":15,"column":2},"end":{"line":17,"column":3}},"6":{"start":{"line":16,"column":4},"end":{"line":16,"column":15}},"7":{"start":{"line":19,"column":25},"end":{"line":19,"column":46}},"8":{"start":{"line":20,"column":19},"end":{"line":20,"column":40}},"9":{"start":{"line":21,"column":2},"end":{"line":21,"column":54}},"10":{"start":{"line":25,"column":19},"end":{"line":25,"column":43}},"11":{"start":{"line":27,"column":2},"end":{"line":27,"column":50}},"12":{"start":{"line":28,"column":2},"end":{"line":28,"column":18}},"13":{"start":{"line":32,"column":19},"end":{"line":32,"column":42}},"14":{"start":{"line":33,"column":20},"end":{"line":33,"column":68}},"15":{"start":{"line":35,"column":24},"end":{"line":35,"column":48}},"16":{"start":{"line":37,"column":2},"end":{"line":37,"column":29}},"17":{"start":{"line":41,"column":18},"end":{"line":41,"column":42}},"18":{"start":{"line":42,"column":18},"end":{"line":42,"column":39}},"19":{"start":{"line":44,"column":2},"end":{"line":46,"column":3}},"20":{"start":{"line":45,"column":4},"end":{"line":45,"column":15}},"21":{"start":{"line":48,"column":19},"end":{"line":48,"column":33}},"22":{"start":{"line":49,"column":2},"end":{"line":49,"column":47}}},"fnMap":{"0":{"name":"fetchUser","decl":{"start":{"line":6,"column":22},"end":{"line":6,"column":31}},"loc":{"start":{"line":6,"column":79},"end":{"line":22,"column":1}},"line":6},"1":{"name":"addUser","decl":{"start":{"line":24,"column":22},"end":{"line":24,"column":29}},"loc":{"start":{"line":24,"column":70},"end":{"line":29,"column":1}},"line":24},"2":{"name":"checkIsUserExist","decl":{"start":{"line":31,"column":22},"end":{"line":31,"column":38}},"loc":{"start":{"line":31,"column":64},"end":{"line":38,"column":1}},"line":31},"3":{"name":"getUserById","decl":{"start":{"line":40,"column":22},"end":{"line":40,"column":33}},"loc":{"start":{"line":40,"column":72},"end":{"line":50,"column":1}},"line":40}},"branchMap":{"0":{"loc":{"start":{"line":15,"column":2},"end":{"line":17,"column":3}},"type":"if","locations":[{"start":{"line":15,"column":2},"end":{"line":17,"column":3}},{"start":{},"end":{}}],"line":15},"1":{"loc":{"start":{"line":44,"column":2},"end":{"line":46,"column":3}},"type":"if","locations":[{"start":{"line":44,"column":2},"end":{"line":46,"column":3}},{"start":{},"end":{}}],"line":44}},"s":{"0":0,"1":0,"2":0,"3":0,"4":0,"5":0,"6":0,"7":0,"8":0,"9":0,"10":0,"11":0,"12":0,"13":0,"14":0,"15":0,"16":0,"17":0,"18":0,"19":0,"20":0,"21":0,"22":0},"f":{"0":0,"1":0,"2":0,"3":0},"b":{"0":[0,0],"1":[0,0]},"_coverageSchema":"1a1c01bbd47fc00a2c39e90264f33305004495a9","hash":"66815646bd9a10b1b44df3f4179250eb2949d89e"}
,"D:\\Coding\\Front End Journey\\todo-list\\src\\utils\\hooks\\initTodos.ts": {"path":"D:\\Coding\\Front End Journey\\todo-list\\src\\utils\\hooks\\initTodos.ts","statementMap":{"0":{"start":{"line":5,"column":28},"end":{"line":11,"column":1}},"1":{"start":{"line":6,"column":19},"end":{"line":6,"column":35}},"2":{"start":{"line":8,"column":2},"end":{"line":10,"column":17}},"3":{"start":{"line":9,"column":4},"end":{"line":9,"column":30}}},"fnMap":{"0":{"name":"(anonymous_0)","decl":{"start":{"line":5,"column":28},"end":{"line":5,"column":29}},"loc":{"start":{"line":5,"column":34},"end":{"line":11,"column":1}},"line":5},"1":{"name":"(anonymous_1)","decl":{"start":{"line":8,"column":12},"end":{"line":8,"column":13}},"loc":{"start":{"line":8,"column":18},"end":{"line":10,"column":3}},"line":8}},"branchMap":{},"s":{"0":1,"1":0,"2":0,"3":0},"f":{"0":0,"1":0},"b":{},"_coverageSchema":"1a1c01bbd47fc00a2c39e90264f33305004495a9","hash":"f7474b0ebacbeb5e515ea6a891931a34b080537c"}
,"D:\\Coding\\Front End Journey\\todo-list\\src\\utils\\hooks\\store.ts": {"path":"D:\\Coding\\Front End Journey\\todo-list\\src\\utils\\hooks\\store.ts","statementMap":{"0":{"start":{"line":5,"column":49},"end":{"line":5,"column":60}},"1":{"start":{"line":6,"column":63},"end":{"line":6,"column":74}}},"fnMap":{},"branchMap":{},"s":{"0":1,"1":1},"f":{},"b":{},"_coverageSchema":"1a1c01bbd47fc00a2c39e90264f33305004495a9","hash":"0dfbad6685a2a378c0266a5a005ac0d3c54b2d66"}
,"D:\\Coding\\Front End Journey\\todo-list\\src\\utils\\hooks\\user.ts": {"path":"D:\\Coding\\Front End Journey\\todo-list\\src\\utils\\hooks\\user.ts","statementMap":{"0":{"start":{"line":7,"column":23},"end":{"line":30,"column":1}},"1":{"start":{"line":8,"column":32},"end":{"line":8,"column":46}},"2":{"start":{"line":12,"column":21},"end":{"line":12,"column":51}},"3":{"start":{"line":13,"column":4},"end":{"line":16,"column":5}},"4":{"start":{"line":14,"column":6},"end":{"line":14,"column":23}},"5":{"start":{"line":15,"column":6},"end":{"line":15,"column":12}},"6":{"start":{"line":18,"column":24},"end":{"line":18,"column":51}},"7":{"start":{"line":19,"column":4},"end":{"line":19,"column":40}},"8":{"start":{"line":20,"column":4},"end":{"line":20,"column":21}},"9":{"start":{"line":23,"column":2},"end":{"line":25,"column":9}},"10":{"start":{"line":24,"column":4},"end":{"line":24,"column":19}},"11":{"start":{"line":27,"column":17},"end":{"line":27,"column":52}},"12":{"start":{"line":27,"column":41},"end":{"line":27,"column":51}},"13":{"start":{"line":29,"column":2},"end":{"line":29,"column":24}}},"fnMap":{"0":{"name":"(anonymous_0)","decl":{"start":{"line":7,"column":23},"end":{"line":7,"column":24}},"loc":{"start":{"line":7,"column":29},"end":{"line":30,"column":1}},"line":7},"1":{"name":"initUser","decl":{"start":{"line":10,"column":17},"end":{"line":10,"column":25}},"loc":{"start":{"line":10,"column":28},"end":{"line":21,"column":3}},"line":10},"2":{"name":"(anonymous_2)","decl":{"start":{"line":23,"column":12},"end":{"line":23,"column":13}},"loc":{"start":{"line":23,"column":18},"end":{"line":25,"column":3}},"line":23},"3":{"name":"(anonymous_3)","decl":{"start":{"line":27,"column":32},"end":{"line":27,"column":33}},"loc":{"start":{"line":27,"column":41},"end":{"line":27,"column":51}},"line":27}},"branchMap":{"0":{"loc":{"start":{"line":13,"column":4},"end":{"line":16,"column":5}},"type":"if","locations":[{"start":{"line":13,"column":4},"end":{"line":16,"column":5}},{"start":{},"end":{}}],"line":13}},"s":{"0":1,"1":0,"2":0,"3":0,"4":0,"5":0,"6":0,"7":0,"8":0,"9":0,"10":0,"11":0,"12":0,"13":0},"f":{"0":0,"1":0,"2":0,"3":0},"b":{"0":[0,0]},"_coverageSchema":"1a1c01bbd47fc00a2c39e90264f33305004495a9","hash":"53c38e2d3bf83786669766e14a980a7606c41ae8"}
,"D:\\Coding\\Front End Journey\\todo-list\\src\\utils\\store\\index.ts": {"path":"D:\\Coding\\Front End Journey\\todo-list\\src\\utils\\store\\index.ts","statementMap":{"0":{"start":{"line":6,"column":21},"end":{"line":12,"column":2}},"1":{"start":{"line":11,"column":40},"end":{"line":11,"column":86}}},"fnMap":{"0":{"name":"(anonymous_0)","decl":{"start":{"line":11,"column":14},"end":{"line":11,"column":15}},"loc":{"start":{"line":11,"column":40},"end":{"line":11,"column":86}},"line":11}},"branchMap":{},"s":{"0":1,"1":1},"f":{"0":1},"b":{},"_coverageSchema":"1a1c01bbd47fc00a2c39e90264f33305004495a9","hash":"d9c180324408bd10b3ac36f2982c66525ba6cb01"}
,"D:\\Coding\\Front End Journey\\todo-list\\src\\utils\\store\\slices\\todosSlices.ts": {"path":"D:\\Coding\\Front End Journey\\todo-list\\src\\utils\\store\\slices\\todosSlices.ts","statementMap":{"0":{"start":{"line":11,"column":33},"end":{"line":13,"column":1}},"1":{"start":{"line":15,"column":29},"end":{"line":18,"column":2}},"2":{"start":{"line":16,"column":16},"end":{"line":16,"column":46}},"3":{"start":{"line":17,"column":2},"end":{"line":17,"column":55}},"4":{"start":{"line":20,"column":26},"end":{"line":22,"column":2}},"5":{"start":{"line":21,"column":2},"end":{"line":21,"column":32}},"6":{"start":{"line":24,"column":26},"end":{"line":41,"column":2}},"7":{"start":{"line":29,"column":6},"end":{"line":29,"column":22}},"8":{"start":{"line":33,"column":4},"end":{"line":35,"column":7}},"9":{"start":{"line":34,"column":6},"end":{"line":34,"column":35}},"10":{"start":{"line":36,"column":4},"end":{"line":38,"column":7}},"11":{"start":{"line":37,"column":6},"end":{"line":37,"column":52}},"12":{"start":{"line":43,"column":26},"end":{"line":43,"column":44}},"13":{"start":{"line":44,"column":27},"end":{"line":44,"column":60}},"14":{"start":{"line":44,"column":49},"end":{"line":44,"column":60}}},"fnMap":{"0":{"name":"(anonymous_0)","decl":{"start":{"line":15,"column":69},"end":{"line":15,"column":70}},"loc":{"start":{"line":15,"column":98},"end":{"line":18,"column":1}},"line":15},"1":{"name":"(anonymous_1)","decl":{"start":{"line":20,"column":63},"end":{"line":20,"column":64}},"loc":{"start":{"line":20,"column":94},"end":{"line":22,"column":1}},"line":20},"2":{"name":"(anonymous_2)","decl":{"start":{"line":28,"column":14},"end":{"line":28,"column":15}},"loc":{"start":{"line":28,"column":25},"end":{"line":30,"column":5}},"line":28},"3":{"name":"(anonymous_3)","decl":{"start":{"line":32,"column":17},"end":{"line":32,"column":18}},"loc":{"start":{"line":32,"column":30},"end":{"line":40,"column":3}},"line":32},"4":{"name":"(anonymous_4)","decl":{"start":{"line":33,"column":45},"end":{"line":33,"column":46}},"loc":{"start":{"line":33,"column":64},"end":{"line":35,"column":5}},"line":33},"5":{"name":"(anonymous_5)","decl":{"start":{"line":36,"column":42},"end":{"line":36,"column":43}},"loc":{"start":{"line":36,"column":61},"end":{"line":38,"column":5}},"line":36},"6":{"name":"(anonymous_6)","decl":{"start":{"line":44,"column":27},"end":{"line":44,"column":28}},"loc":{"start":{"line":44,"column":49},"end":{"line":44,"column":60}},"line":44}},"branchMap":{},"s":{"0":1,"1":1,"2":0,"3":0,"4":1,"5":0,"6":1,"7":0,"8":1,"9":0,"10":1,"11":0,"12":1,"13":1,"14":0},"f":{"0":0,"1":0,"2":0,"3":1,"4":0,"5":0,"6":0},"b":{},"_coverageSchema":"1a1c01bbd47fc00a2c39e90264f33305004495a9","hash":"be303872590327b1d3ab8259510193fb4ba5962e"}
,"D:\\Coding\\Front End Journey\\todo-list\\src\\utils\\store\\slices\\userSlices.ts": {"path":"D:\\Coding\\Front End Journey\\todo-list\\src\\utils\\store\\slices\\userSlices.ts","statementMap":{"0":{"start":{"line":9,"column":32},"end":{"line":11,"column":1}},"1":{"start":{"line":13,"column":25},"end":{"line":24,"column":2}},"2":{"start":{"line":18,"column":6},"end":{"line":18,"column":33}},"3":{"start":{"line":21,"column":6},"end":{"line":21,"column":23}},"4":{"start":{"line":26,"column":33},"end":{"line":26,"column":50}}},"fnMap":{"0":{"name":"(anonymous_0)","decl":{"start":{"line":17,"column":13},"end":{"line":17,"column":14}},"loc":{"start":{"line":17,"column":32},"end":{"line":19,"column":5}},"line":17},"1":{"name":"(anonymous_1)","decl":{"start":{"line":20,"column":12},"end":{"line":20,"column":13}},"loc":{"start":{"line":20,"column":23},"end":{"line":22,"column":5}},"line":20}},"branchMap":{},"s":{"0":1,"1":1,"2":0,"3":0,"4":1},"f":{"0":0,"1":0},"b":{},"_coverageSchema":"1a1c01bbd47fc00a2c39e90264f33305004495a9","hash":"f65c53b5b37184b6d7534c3d18450fce91963fa2"}
}
